<?xml version="1.0" encoding="UTF-8"?>
<!-- Generated by org.testng.reporters.JUnitXMLReporter -->
<testsuite ignored="0" hostname="LAPTOP-ASFA9OCO" failures="0" tests="5" name="Default test" time="0.114" errors="0" timestamp="2021-09-25T00:47:42 IST">
  <testcase classname="TestPackageTestNg.PersonalLoan" name="method1" time="0.011"/>
  <testcase classname="TestPackageTestNg.PersonalLoan" name="method2" time="0.003"/>
  <testcase classname="TestPackageTestNg.PersonalLoan" name="method3" time="0.003"/>
  <testcase classname="TestPackageTestNg.PersonalLoan" name="method3" time="0.001"/>
  <testcase classname="TestPackageTestNg.PersonalLoan" name="method3" time="0.001"/>
</testsuite> <!-- Default test -->
