<?xml version="1.0" encoding="UTF-8"?>
<!-- Generated by org.testng.reporters.JUnitXMLReporter -->
<testsuite ignored="0" hostname="LAPTOP-ASFA9OCO" failures="0" tests="6" name="Test" time="0.057" errors="0" timestamp="2021-08-18T19:40:55 IST">
  <testcase classname="TestPackageTestNg.PersonalLoan" name="method1" time="0.006"/>
  <testcase classname="TestPackageTestNg.PersonalLoan" name="method2" time="0.001"/>
  <testcase classname="TestPackageTestNg.PersonalLoan" name="method3" time="0.0"/>
  <testcase classname="TestPackageTestNg.BussinessLoan" name="method1" time="0.002"/>
  <testcase classname="TestPackageTestNg.BussinessLoan" name="method2" time="0.001"/>
  <testcase classname="TestPackageTestNg.BussinessLoan" name="method3" time="0.001"/>
</testsuite> <!-- Test -->
