<?xml version="1.0" encoding="UTF-8"?>
<!-- Generated by org.testng.reporters.JUnitXMLReporter -->
<testsuite ignored="0" hostname="LAPTOP-ASFA9OCO" failures="0" tests="5" name="Test1" time="0.034" errors="0" timestamp="2021-08-19T16:20:34 IST">
  <testcase classname="TestPackageTestNg.PersonalLoan" name="method1" time="0.004"/>
  <testcase classname="TestPackageTestNg.PersonalLoan" name="method2" time="0.001"/>
  <testcase classname="TestPackageTestNg.PersonalLoan" name="method3" time="0.001"/>
  <testcase classname="TestPackageTestNg.PersonalLoan" name="method3" time="0.001"/>
  <testcase classname="TestPackageTestNg.PersonalLoan" name="method3" time="0.001"/>
</testsuite> <!-- Test1 -->
